<?xml version="1.0" encoding="UTF-8"?>
<testng-results ignored="0" total="1" passed="1" failed="0" skipped="0">
  <reporter-output>
  </reporter-output>
  <suite started-at="2022-03-10T15:54:12 IST" name="Default suite" finished-at="2022-03-10T15:54:13 IST" duration-ms="71">
    <groups>
    </groups>
    <test started-at="2022-03-10T15:54:12 IST" name="Default test" finished-at="2022-03-10T15:54:13 IST" duration-ms="71">
      <class name="demoGit.Demo">
        <test-method signature="demo()[pri:0, instance:demoGit.Demo@26275bef]" started-at="2022-03-10T15:54:13 IST" name="demo" finished-at="2022-03-10T15:54:13 IST" duration-ms="12" status="PASS">
          <reporter-output>
          </reporter-output>
        </test-method> <!-- demo -->
      </class> <!-- demoGit.Demo -->
    </test> <!-- Default test -->
  </suite> <!-- Default suite -->
</testng-results>
